<?xml version="1.0" ?>
<!DOCTYPE coverage SYSTEM "http://cobertura.sourceforge.net/xml/coverage-04.dtd">
<coverage lines-valid="2"  lines-covered="1"  line-rate="0.5"  branches-valid="0"  branches-covered="0"  branch-rate="1"  timestamp="1467298863681" complexity="0" version="0.1">
<sources>
	<source>/Users/sarveshnagpal/github/frontend/boilerplate/test</source>
</sources>
<packages>
	<package name="js"  line-rate="0.5"  branch-rate="1" >
	<classes>
		<class name="helloworld.js"  filename="../js/helloworld.js"  line-rate="0.5"  branch-rate="1" >
		<methods>
			<method name="(anonymous_1)"  hits="0"  signature="()V" >
				<lines><line number="1"  hits="0" /></lines>
			</method>
		</methods>
		<lines>
			<line number="1"  hits="1"  branch="false" />
			<line number="2"  hits="0"  branch="false" />
		</lines>
		</class>
	</classes>
	</package>
</packages>
</coverage>
